<?xml version="1.0" encoding="UTF-8" ?>
<testsuite tests="4" failures="0" name="com.optis.feigndemoapp.FeignDemoAppTest" time="0.159" errors="0" skipped="0">
  <properties>
[...]
</properties>
  <testcase classname="com.optis.feigndemoapp.FeignDemoAppTest" name="testFindAll" time="0.143"/>
  <testcase classname="com.optis.feigndemoapp.FeignDemoAppTest" name="testfindByReservationNumber" time="0.004"/>
  <testcase classname="com.optis.feigndemoapp.FeignDemoAppTest" name="testFindByDateOfReservation" time="0.005"/>
  <testcase classname="com.optis.feigndemoapp.FeignDemoAppTest" name="testFindByDateAndTIme" time="0.007"/>
</testsuite>